[2022-10-18 19:13:04,699][1666138384.699903][INFO]:[00NNmx_wWaWyhmRHS3NTHC8JO] ***STARTING HAND SEPERATION***
[2022-10-18 19:13:04,701][1666138384.701902][INFO]:[00NNmx_wWaWyhmRHS3NTHC8JO] has 5759 lines to parse.
[2022-10-18 19:13:07,395][1666138387.395901][INFO]:[00NNmx_wWaWyhmRHS3NTHC8JO] ***FINISHED HAND SEPERATION***
[2022-10-18 19:13:07,395][1666138387.395901][INFO]:[00NNmx_wWaWyhmRHS3NTHC8JO] 389 lines were parsed.
[2022-10-18 19:13:07,395][1666138387.395901][INFO]:[00NNmx_wWaWyhmRHS3NTHC8JO] 461 lines were ignored.
[2022-10-18 19:13:07,396][1666138387.396903][INFO]:[00NNmx_wWaWyhmRHS3NTHC8JO] 4908 lines were saved.
[2022-10-18 19:13:07,396][1666138387.396903][INFO]:[00NNmx_wWaWyhmRHS3NTHC8JO] 387 hands were seperated.
[2022-10-18 19:13:07,397][1666138387.397903][INFO]:[00NNmx_wWaWyhmRHS3NTHC8JO] 12.68 average number of lines per hand.
[2022-10-18 19:13:07,397][1666138387.397903][INFO]:[00NNmx_wWaWyhmRHS3NTHC8JO][2.917779399999745] Performance counter for handseperation.
[2022-10-18 19:13:07,397][1666138387.397903][INFO]:[00NNmx_wWaWyhmRHS3NTHC8JO][2.625] Process time for hand seperation.
[2022-10-18 19:13:07,398][1666138387.398902][INFO]:[00NNmx_wWaWyhmRHS3NTHC8JO] ***STARTING HAND PROCESSING***
[2022-10-18 19:13:10,211][1666138390.211901][INFO]:[00NNmx_wWaWyhmRHS3NTHC8JO] ***FINISHED HAND PARSING***
[2022-10-18 19:13:10,212][1666138390.212902][INFO]:[00NNmx_wWaWyhmRHS3NTHC8JO] 0 lines were not parsed.
[2022-10-18 19:13:13,067][1666138393.067904][INFO]:[00NNmx_wWaWyhmRHS3NTHC8JO][5.669081699999879] Performance counter for hand parsing.
[2022-10-18 19:13:13,067][1666138393.067904][INFO]:[00NNmx_wWaWyhmRHS3NTHC8JO][5.53125] Process time for hand parsing.
[2022-10-18 19:13:13,255][1666138393.255905][INFO]:[3n1IQ2blkXDqk-xdjwV_LWpiz] ***STARTING HAND SEPERATION***
[2022-10-18 19:13:13,255][1666138393.255905][INFO]:[3n1IQ2blkXDqk-xdjwV_LWpiz] has 3223 lines to parse.
[2022-10-18 19:13:14,760][1666138394.760906][INFO]:[3n1IQ2blkXDqk-xdjwV_LWpiz] ***FINISHED HAND SEPERATION***
[2022-10-18 19:13:14,760][1666138394.760906][INFO]:[3n1IQ2blkXDqk-xdjwV_LWpiz] 189 lines were parsed.
[2022-10-18 19:13:14,761][1666138394.761908][INFO]:[3n1IQ2blkXDqk-xdjwV_LWpiz] 248 lines were ignored.
[2022-10-18 19:13:14,761][1666138394.761908][INFO]:[3n1IQ2blkXDqk-xdjwV_LWpiz] 2785 lines were saved.
[2022-10-18 19:13:14,761][1666138394.761908][INFO]:[3n1IQ2blkXDqk-xdjwV_LWpiz] 182 hands were seperated.
[2022-10-18 19:13:14,761][1666138394.761908][INFO]:[3n1IQ2blkXDqk-xdjwV_LWpiz] 15.3 average number of lines per hand.
[2022-10-18 19:13:14,762][1666138394.762905][INFO]:[3n1IQ2blkXDqk-xdjwV_LWpiz][1.6781049000001076] Performance counter for handseperation.
[2022-10-18 19:13:14,762][1666138394.762905][INFO]:[3n1IQ2blkXDqk-xdjwV_LWpiz][1.484375] Process time for hand seperation.
[2022-10-18 19:13:14,762][1666138394.762905][INFO]:[3n1IQ2blkXDqk-xdjwV_LWpiz] ***STARTING HAND PROCESSING***
[2022-10-18 19:13:16,500][1666138396.500903][INFO]:[3n1IQ2blkXDqk-xdjwV_LWpiz] ***FINISHED HAND PARSING***
[2022-10-18 19:13:16,501][1666138396.501903][INFO]:[3n1IQ2blkXDqk-xdjwV_LWpiz] 0 lines were not parsed.
[2022-10-18 19:13:18,128][1666138398.128904][INFO]:[3n1IQ2blkXDqk-xdjwV_LWpiz][3.365372899999784] Performance counter for hand parsing.
[2022-10-18 19:13:18,128][1666138398.128904][INFO]:[3n1IQ2blkXDqk-xdjwV_LWpiz][3.125] Process time for hand parsing.
[2022-10-18 19:13:18,466][1666138398.466901][INFO]:[49kwvk-9dEbeA8MXw7lNG9SiD] ***STARTING HAND SEPERATION***
[2022-10-18 19:13:18,466][1666138398.466901][INFO]:[49kwvk-9dEbeA8MXw7lNG9SiD] has 7545 lines to parse.
[2022-10-18 19:13:21,885][1666138401.885901][INFO]:[49kwvk-9dEbeA8MXw7lNG9SiD] ***FINISHED HAND SEPERATION***
[2022-10-18 19:13:21,885][1666138401.885901][INFO]:[49kwvk-9dEbeA8MXw7lNG9SiD] 332 lines were parsed.
[2022-10-18 19:13:21,885][1666138401.885901][INFO]:[49kwvk-9dEbeA8MXw7lNG9SiD] 454 lines were ignored.
[2022-10-18 19:13:21,886][1666138401.886902][INFO]:[49kwvk-9dEbeA8MXw7lNG9SiD] 6758 lines were saved.
[2022-10-18 19:13:21,886][1666138401.886902][INFO]:[49kwvk-9dEbeA8MXw7lNG9SiD] 330 hands were seperated.
[2022-10-18 19:13:21,886][1666138401.886902][INFO]:[49kwvk-9dEbeA8MXw7lNG9SiD] 20.48 average number of lines per hand.
[2022-10-18 19:13:21,887][1666138401.887901][INFO]:[49kwvk-9dEbeA8MXw7lNG9SiD][3.734657999999854] Performance counter for handseperation.
[2022-10-18 19:13:21,887][1666138401.887901][INFO]:[49kwvk-9dEbeA8MXw7lNG9SiD][3.46875] Process time for hand seperation.
[2022-10-18 19:13:21,887][1666138401.887901][INFO]:[49kwvk-9dEbeA8MXw7lNG9SiD] ***STARTING HAND PROCESSING***
[2022-10-18 19:13:25,610][1666138405.610901][INFO]:[49kwvk-9dEbeA8MXw7lNG9SiD] ***FINISHED HAND PARSING***
[2022-10-18 19:13:25,611][1666138405.611901][INFO]:[49kwvk-9dEbeA8MXw7lNG9SiD] 0 lines were not parsed.
[2022-10-18 19:13:29,375][1666138409.375905][INFO]:[49kwvk-9dEbeA8MXw7lNG9SiD][7.487574199999926] Performance counter for hand parsing.
[2022-10-18 19:13:29,375][1666138409.375905][INFO]:[49kwvk-9dEbeA8MXw7lNG9SiD][7.40625] Process time for hand parsing.
[2022-10-18 19:13:29,654][1666138409.654901][INFO]:[5IWpLtq8fzMNDa0xHI-OC2NGW] ***STARTING HAND SEPERATION***
[2022-10-18 19:13:29,654][1666138409.654901][INFO]:[5IWpLtq8fzMNDa0xHI-OC2NGW] has 6617 lines to parse.
[2022-10-18 19:13:32,725][1666138412.725902][INFO]:[5IWpLtq8fzMNDa0xHI-OC2NGW] ***FINISHED HAND SEPERATION***
[2022-10-18 19:13:32,726][1666138412.726902][INFO]:[5IWpLtq8fzMNDa0xHI-OC2NGW] 331 lines were parsed.
[2022-10-18 19:13:32,727][1666138412.727906][INFO]:[5IWpLtq8fzMNDa0xHI-OC2NGW] 452 lines were ignored.
[2022-10-18 19:13:32,727][1666138412.727906][INFO]:[5IWpLtq8fzMNDa0xHI-OC2NGW] 5833 lines were saved.
[2022-10-18 19:13:32,727][1666138412.727906][INFO]:[5IWpLtq8fzMNDa0xHI-OC2NGW] 329 hands were seperated.
[2022-10-18 19:13:32,728][1666138412.728905][INFO]:[5IWpLtq8fzMNDa0xHI-OC2NGW] 17.73 average number of lines per hand.
[2022-10-18 19:13:32,728][1666138412.728905][INFO]:[5IWpLtq8fzMNDa0xHI-OC2NGW][3.346787899999981] Performance counter for handseperation.
[2022-10-18 19:13:32,728][1666138412.728905][INFO]:[5IWpLtq8fzMNDa0xHI-OC2NGW][3.09375] Process time for hand seperation.
[2022-10-18 19:13:32,729][1666138412.729903][INFO]:[5IWpLtq8fzMNDa0xHI-OC2NGW] ***STARTING HAND PROCESSING***
[2022-10-18 19:13:35,936][1666138415.936901][INFO]:[5IWpLtq8fzMNDa0xHI-OC2NGW] ***FINISHED HAND PARSING***
[2022-10-18 19:13:35,936][1666138415.936901][INFO]:[5IWpLtq8fzMNDa0xHI-OC2NGW] 0 lines were not parsed.
[2022-10-18 19:13:39,485][1666138419.485904][INFO]:[5IWpLtq8fzMNDa0xHI-OC2NGW][6.756423000000268] Performance counter for hand parsing.
[2022-10-18 19:13:39,485][1666138419.485904][INFO]:[5IWpLtq8fzMNDa0xHI-OC2NGW][6.4375] Process time for hand parsing.
[2022-10-18 19:13:39,778][1666138419.778903][INFO]:[5MI1t1tFB7u4Y8ECewBVfVK1r] ***STARTING HAND SEPERATION***
[2022-10-18 19:13:39,778][1666138419.778903][INFO]:[5MI1t1tFB7u4Y8ECewBVfVK1r] has 6211 lines to parse.
[2022-10-18 19:13:42,349][1666138422.349903][INFO]:[5MI1t1tFB7u4Y8ECewBVfVK1r] ***FINISHED HAND SEPERATION***
[2022-10-18 19:13:42,349][1666138422.349903][INFO]:[5MI1t1tFB7u4Y8ECewBVfVK1r] 409 lines were parsed.
[2022-10-18 19:13:42,350][1666138422.350902][INFO]:[5MI1t1tFB7u4Y8ECewBVfVK1r] 483 lines were ignored.
[2022-10-18 19:13:42,350][1666138422.350902][INFO]:[5MI1t1tFB7u4Y8ECewBVfVK1r] 5318 lines were saved.
[2022-10-18 19:13:42,350][1666138422.350902][INFO]:[5MI1t1tFB7u4Y8ECewBVfVK1r] 405 hands were seperated.
[2022-10-18 19:13:42,350][1666138422.350902][INFO]:[5MI1t1tFB7u4Y8ECewBVfVK1r] 13.13 average number of lines per hand.
[2022-10-18 19:13:42,351][1666138422.351902][INFO]:[5MI1t1tFB7u4Y8ECewBVfVK1r][2.859594200000174] Performance counter for handseperation.
[2022-10-18 19:13:42,351][1666138422.351902][INFO]:[5MI1t1tFB7u4Y8ECewBVfVK1r][2.75] Process time for hand seperation.
[2022-10-18 19:13:42,351][1666138422.351902][INFO]:[5MI1t1tFB7u4Y8ECewBVfVK1r] ***STARTING HAND PROCESSING***
[2022-10-18 19:13:45,698][1666138425.698902][INFO]:[5MI1t1tFB7u4Y8ECewBVfVK1r] ***FINISHED HAND PARSING***
[2022-10-18 19:13:45,698][1666138425.698902][INFO]:[5MI1t1tFB7u4Y8ECewBVfVK1r] 0 lines were not parsed.
[2022-10-18 19:13:48,785][1666138428.785905][INFO]:[5MI1t1tFB7u4Y8ECewBVfVK1r][6.4334530000001] Performance counter for hand parsing.
[2022-10-18 19:13:48,785][1666138428.785905][INFO]:[5MI1t1tFB7u4Y8ECewBVfVK1r][6.015625] Process time for hand parsing.
[2022-10-18 19:13:49,021][1666138429.021904][INFO]:[5SMUIHF2OkP-fid-HSCShMqSZ] ***STARTING HAND SEPERATION***
[2022-10-18 19:13:49,021][1666138429.021904][INFO]:[5SMUIHF2OkP-fid-HSCShMqSZ] has 3936 lines to parse.
[2022-10-18 19:13:50,889][1666138430.889903][INFO]:[5SMUIHF2OkP-fid-HSCShMqSZ] ***FINISHED HAND SEPERATION***
[2022-10-18 19:13:50,889][1666138430.889903][INFO]:[5SMUIHF2OkP-fid-HSCShMqSZ] 184 lines were parsed.
[2022-10-18 19:13:50,890][1666138430.890905][INFO]:[5SMUIHF2OkP-fid-HSCShMqSZ] 283 lines were ignored.
[2022-10-18 19:13:50,890][1666138430.890905][INFO]:[5SMUIHF2OkP-fid-HSCShMqSZ] 3468 lines were saved.
[2022-10-18 19:13:50,890][1666138430.890905][INFO]:[5SMUIHF2OkP-fid-HSCShMqSZ] 182 hands were seperated.
[2022-10-18 19:13:50,891][1666138430.891905][INFO]:[5SMUIHF2OkP-fid-HSCShMqSZ] 19.05 average number of lines per hand.
[2022-10-18 19:13:50,891][1666138430.891905][INFO]:[5SMUIHF2OkP-fid-HSCShMqSZ][2.099063499999829] Performance counter for handseperation.
[2022-10-18 19:13:50,891][1666138430.891905][INFO]:[5SMUIHF2OkP-fid-HSCShMqSZ][1.765625] Process time for hand seperation.
[2022-10-18 19:13:50,891][1666138430.891905][INFO]:[5SMUIHF2OkP-fid-HSCShMqSZ] ***STARTING HAND PROCESSING***
[2022-10-18 19:13:52,919][1666138432.919902][INFO]:[5SMUIHF2OkP-fid-HSCShMqSZ] ***FINISHED HAND PARSING***
[2022-10-18 19:13:52,919][1666138432.919902][INFO]:[5SMUIHF2OkP-fid-HSCShMqSZ] 0 lines were not parsed.
[2022-10-18 19:13:54,971][1666138434.971906][INFO]:[5SMUIHF2OkP-fid-HSCShMqSZ][4.079767599999741] Performance counter for hand parsing.
[2022-10-18 19:13:54,972][1666138434.972906][INFO]:[5SMUIHF2OkP-fid-HSCShMqSZ][3.921875] Process time for hand parsing.
[2022-10-18 19:13:55,273][1666138435.273903][INFO]:[6DLkyVJAejZZLcZ2XAUciGkbx] ***STARTING HAND SEPERATION***
[2022-10-18 19:13:55,273][1666138435.273903][INFO]:[6DLkyVJAejZZLcZ2XAUciGkbx] has 6526 lines to parse.
[2022-10-18 19:13:58,672][1666138438.672902][INFO]:[6DLkyVJAejZZLcZ2XAUciGkbx] ***FINISHED HAND SEPERATION***
[2022-10-18 19:13:58,672][1666138438.672902][INFO]:[6DLkyVJAejZZLcZ2XAUciGkbx] 287 lines were parsed.
[2022-10-18 19:13:58,672][1666138438.672902][INFO]:[6DLkyVJAejZZLcZ2XAUciGkbx] 464 lines were ignored.
[2022-10-18 19:13:58,673][1666138438.673903][INFO]:[6DLkyVJAejZZLcZ2XAUciGkbx] 5774 lines were saved.
[2022-10-18 19:13:58,673][1666138438.673903][INFO]:[6DLkyVJAejZZLcZ2XAUciGkbx] 284 hands were seperated.
[2022-10-18 19:13:58,673][1666138438.673903][INFO]:[6DLkyVJAejZZLcZ2XAUciGkbx] 20.33 average number of lines per hand.
[2022-10-18 19:13:58,673][1666138438.673903][INFO]:[6DLkyVJAejZZLcZ2XAUciGkbx][3.69514479999998] Performance counter for handseperation.
[2022-10-18 19:13:58,674][1666138438.674902][INFO]:[6DLkyVJAejZZLcZ2XAUciGkbx][3.03125] Process time for hand seperation.
[2022-10-18 19:13:58,674][1666138438.674902][INFO]:[6DLkyVJAejZZLcZ2XAUciGkbx] ***STARTING HAND PROCESSING***
[2022-10-18 19:14:02,022][1666138442.022903][INFO]:[6DLkyVJAejZZLcZ2XAUciGkbx] ***FINISHED HAND PARSING***
[2022-10-18 19:14:02,022][1666138442.022903][INFO]:[6DLkyVJAejZZLcZ2XAUciGkbx] 0 lines were not parsed.
[2022-10-18 19:14:05,318][1666138445.318903][INFO]:[6DLkyVJAejZZLcZ2XAUciGkbx][6.6436014999999315] Performance counter for hand parsing.
[2022-10-18 19:14:05,318][1666138445.318903][INFO]:[6DLkyVJAejZZLcZ2XAUciGkbx][6.5] Process time for hand parsing.
[2022-10-18 19:14:05,486][1666138445.486901][INFO]:[Ab5bpfAoGm6TfDrvLptR5AwGv] ***STARTING HAND SEPERATION***
[2022-10-18 19:14:05,487][1666138445.487901][INFO]:[Ab5bpfAoGm6TfDrvLptR5AwGv] has 3024 lines to parse.
[2022-10-18 19:14:06,881][1666138446.881903][INFO]:[Ab5bpfAoGm6TfDrvLptR5AwGv] ***FINISHED HAND SEPERATION***
[2022-10-18 19:14:06,882][1666138446.882903][INFO]:[Ab5bpfAoGm6TfDrvLptR5AwGv] 177 lines were parsed.
[2022-10-18 19:14:06,882][1666138446.882903][INFO]:[Ab5bpfAoGm6TfDrvLptR5AwGv] 260 lines were ignored.
[2022-10-18 19:14:06,882][1666138446.882903][INFO]:[Ab5bpfAoGm6TfDrvLptR5AwGv] 2586 lines were saved.
[2022-10-18 19:14:06,883][1666138446.883903][INFO]:[Ab5bpfAoGm6TfDrvLptR5AwGv] 175 hands were seperated.
[2022-10-18 19:14:06,883][1666138446.883903][INFO]:[Ab5bpfAoGm6TfDrvLptR5AwGv] 14.78 average number of lines per hand.
[2022-10-18 19:14:06,883][1666138446.883903][INFO]:[Ab5bpfAoGm6TfDrvLptR5AwGv][1.5591331999999056] Performance counter for handseperation.
[2022-10-18 19:14:06,884][1666138446.884903][INFO]:[Ab5bpfAoGm6TfDrvLptR5AwGv][1.359375] Process time for hand seperation.
[2022-10-18 19:14:06,884][1666138446.884903][INFO]:[Ab5bpfAoGm6TfDrvLptR5AwGv] ***STARTING HAND PROCESSING***
