[2022-10-18 19:11:10,967][1666138270.967323][INFO]:[00NNmx_wWaWyhmRHS3NTHC8JO] ***STARTING HAND SEPERATION***
[2022-10-18 19:11:10,982][1666138270.982322][INFO]:[00NNmx_wWaWyhmRHS3NTHC8JO] has 5759 lines to parse.
[2022-10-18 19:11:13,735][1666138273.735322][INFO]:[00NNmx_wWaWyhmRHS3NTHC8JO] ***FINISHED HAND SEPERATION***
[2022-10-18 19:11:13,736][1666138273.736322][INFO]:[00NNmx_wWaWyhmRHS3NTHC8JO] 389 lines were parsed.
[2022-10-18 19:11:13,736][1666138273.736322][INFO]:[00NNmx_wWaWyhmRHS3NTHC8JO] 461 lines were ignored.
[2022-10-18 19:11:13,736][1666138273.736322][INFO]:[00NNmx_wWaWyhmRHS3NTHC8JO] 4908 lines were saved.
[2022-10-18 19:11:13,958][1666138273.958322][INFO]:[00NNmx_wWaWyhmRHS3NTHC8JO] 387 hands were seperated.
[2022-10-18 19:11:13,959][1666138273.959323][INFO]:[00NNmx_wWaWyhmRHS3NTHC8JO] 12.68 average number of lines per hand.
[2022-10-18 19:11:13,959][1666138273.959323][INFO]:[00NNmx_wWaWyhmRHS3NTHC8JO][3.225955899999917] Performance counter for handseperation.
[2022-10-18 19:11:13,959][1666138273.959323][INFO]:[00NNmx_wWaWyhmRHS3NTHC8JO][2.59375] Process time for hand seperation.
[2022-10-18 19:11:13,960][1666138273.960322][INFO]:[00NNmx_wWaWyhmRHS3NTHC8JO] ***STARTING HAND PROCESSING***
[2022-10-18 19:11:17,843][1666138277.843327][INFO]:[00NNmx_wWaWyhmRHS3NTHC8JO] ***FINISHED HAND PARSING***
[2022-10-18 19:11:17,844][1666138277.844327][INFO]:[00NNmx_wWaWyhmRHS3NTHC8JO] 0 lines were not parsed.
[2022-10-18 19:11:22,781][1666138282.781326][INFO]:[00NNmx_wWaWyhmRHS3NTHC8JO][8.821328600000015] Performance counter for hand parsing.
[2022-10-18 19:11:22,782][1666138282.782326][INFO]:[00NNmx_wWaWyhmRHS3NTHC8JO][6.25] Process time for hand parsing.
[2022-10-18 19:11:23,152][1666138283.152323][INFO]:[3n1IQ2blkXDqk-xdjwV_LWpiz] ***STARTING HAND SEPERATION***
[2022-10-18 19:11:23,153][1666138283.153324][INFO]:[3n1IQ2blkXDqk-xdjwV_LWpiz] has 3223 lines to parse.
[2022-10-18 19:11:26,184][1666138286.184323][INFO]:[3n1IQ2blkXDqk-xdjwV_LWpiz] ***FINISHED HAND SEPERATION***
[2022-10-18 19:11:26,185][1666138286.185325][INFO]:[3n1IQ2blkXDqk-xdjwV_LWpiz] 189 lines were parsed.
[2022-10-18 19:11:26,185][1666138286.185325][INFO]:[3n1IQ2blkXDqk-xdjwV_LWpiz] 248 lines were ignored.
[2022-10-18 19:11:26,186][1666138286.186325][INFO]:[3n1IQ2blkXDqk-xdjwV_LWpiz] 2785 lines were saved.
[2022-10-18 19:11:26,186][1666138286.186325][INFO]:[3n1IQ2blkXDqk-xdjwV_LWpiz] 182 hands were seperated.
[2022-10-18 19:11:26,186][1666138286.186325][INFO]:[3n1IQ2blkXDqk-xdjwV_LWpiz] 15.3 average number of lines per hand.
[2022-10-18 19:11:26,187][1666138286.187324][INFO]:[3n1IQ2blkXDqk-xdjwV_LWpiz][3.313534399999753] Performance counter for handseperation.
[2022-10-18 19:11:26,187][1666138286.187324][INFO]:[3n1IQ2blkXDqk-xdjwV_LWpiz][1.609375] Process time for hand seperation.
[2022-10-18 19:11:26,187][1666138286.187324][INFO]:[3n1IQ2blkXDqk-xdjwV_LWpiz] ***STARTING HAND PROCESSING***
[2022-10-18 19:11:29,531][1666138289.531326][INFO]:[3n1IQ2blkXDqk-xdjwV_LWpiz] ***FINISHED HAND PARSING***
[2022-10-18 19:11:29,532][1666138289.532326][INFO]:[3n1IQ2blkXDqk-xdjwV_LWpiz] 0 lines were not parsed.
[2022-10-18 19:11:32,434][1666138292.434325][INFO]:[3n1IQ2blkXDqk-xdjwV_LWpiz][6.246532200000274] Performance counter for hand parsing.
[2022-10-18 19:11:32,434][1666138292.434325][INFO]:[3n1IQ2blkXDqk-xdjwV_LWpiz][3.703125] Process time for hand parsing.
[2022-10-18 19:11:33,037][1666138293.037325][INFO]:[49kwvk-9dEbeA8MXw7lNG9SiD] ***STARTING HAND SEPERATION***
[2022-10-18 19:11:33,040][1666138293.040327][INFO]:[49kwvk-9dEbeA8MXw7lNG9SiD] has 7545 lines to parse.
[2022-10-18 19:11:39,174][1666138299.174325][INFO]:[49kwvk-9dEbeA8MXw7lNG9SiD] ***FINISHED HAND SEPERATION***
[2022-10-18 19:11:39,174][1666138299.174325][INFO]:[49kwvk-9dEbeA8MXw7lNG9SiD] 332 lines were parsed.
[2022-10-18 19:11:39,175][1666138299.175326][INFO]:[49kwvk-9dEbeA8MXw7lNG9SiD] 454 lines were ignored.
[2022-10-18 19:11:39,175][1666138299.175326][INFO]:[49kwvk-9dEbeA8MXw7lNG9SiD] 6758 lines were saved.
[2022-10-18 19:11:39,175][1666138299.175326][INFO]:[49kwvk-9dEbeA8MXw7lNG9SiD] 330 hands were seperated.
[2022-10-18 19:11:39,176][1666138299.176325][INFO]:[49kwvk-9dEbeA8MXw7lNG9SiD] 20.48 average number of lines per hand.
[2022-10-18 19:11:39,176][1666138299.176325][INFO]:[49kwvk-9dEbeA8MXw7lNG9SiD][6.561239999999998] Performance counter for handseperation.
[2022-10-18 19:11:39,177][1666138299.177324][INFO]:[49kwvk-9dEbeA8MXw7lNG9SiD][4.0625] Process time for hand seperation.
[2022-10-18 19:11:39,177][1666138299.177324][INFO]:[49kwvk-9dEbeA8MXw7lNG9SiD] ***STARTING HAND PROCESSING***
[2022-10-18 19:11:45,669][1666138305.669323][INFO]:[49kwvk-9dEbeA8MXw7lNG9SiD] ***FINISHED HAND PARSING***
[2022-10-18 19:11:45,670][1666138305.670326][INFO]:[49kwvk-9dEbeA8MXw7lNG9SiD] 0 lines were not parsed.
[2022-10-18 19:11:52,118][1666138312.118325][INFO]:[49kwvk-9dEbeA8MXw7lNG9SiD][12.941496699999789] Performance counter for hand parsing.
[2022-10-18 19:11:52,119][1666138312.119326][INFO]:[49kwvk-9dEbeA8MXw7lNG9SiD][8.9375] Process time for hand parsing.
[2022-10-18 19:11:52,574][1666138312.574325][INFO]:[5IWpLtq8fzMNDa0xHI-OC2NGW] ***STARTING HAND SEPERATION***
[2022-10-18 19:11:52,575][1666138312.575325][INFO]:[5IWpLtq8fzMNDa0xHI-OC2NGW] has 6617 lines to parse.
