[2022-10-09 07:12:18,824][1665317538.824928][INFO]:[00NNmx_wWaWyhmRHS3NTHC8JO] ***STARTING HAND SEPERATION***
[2022-10-09 07:12:18,940][1665317538.940930][INFO]:[00NNmx_wWaWyhmRHS3NTHC8JO] has 5759 lines to parse.
[2022-10-09 07:12:19,077][1665317539.077931][INFO]:[00NNmx_wWaWyhmRHS3NTHC8JO] ***FINISHED HAND SEPERATION***
[2022-10-09 07:12:19,077][1665317539.077931][INFO]:[00NNmx_wWaWyhmRHS3NTHC8JO] 389 lines were parsed.
[2022-10-09 07:12:19,078][1665317539.078930][INFO]:[00NNmx_wWaWyhmRHS3NTHC8JO] 459 lines were ignored.
[2022-10-09 07:12:19,078][1665317539.078930][INFO]:[00NNmx_wWaWyhmRHS3NTHC8JO] 4910 lines were saved.
[2022-10-09 07:12:19,092][1665317539.092929][INFO]:[00NNmx_wWaWyhmRHS3NTHC8JO] 387 hands were seperated.
[2022-10-09 07:12:19,092][1665317539.092929][INFO]:[00NNmx_wWaWyhmRHS3NTHC8JO] 12.69 average number of lines per hand.
[2022-10-09 07:12:19,092][1665317539.092929][INFO]:[00NNmx_wWaWyhmRHS3NTHC8JO][0.567119300016202] Performance counter for handseperation.
[2022-10-09 07:12:19,093][1665317539.093931][INFO]:[00NNmx_wWaWyhmRHS3NTHC8JO][0.25] Process time for hand seperation.
[2022-10-09 07:12:19,093][1665317539.093931][INFO]:[00NNmx_wWaWyhmRHS3NTHC8JO] ***STARTING HAND PROCESSING***
[2022-10-09 07:12:19,783][1665317539.783928][INFO]:[00NNmx_wWaWyhmRHS3NTHC8JO] ***FINISHED HAND PARSING***
[2022-10-09 07:12:19,783][1665317539.783928][INFO]:[00NNmx_wWaWyhmRHS3NTHC8JO] 0 lines were not parsed.
[2022-10-09 07:12:20,241][1665317540.241929][INFO]:[00NNmx_wWaWyhmRHS3NTHC8JO][1.1480320999980904] Performance counter for hand parsing.
[2022-10-09 07:12:20,241][1665317540.241929][INFO]:[00NNmx_wWaWyhmRHS3NTHC8JO][0.453125] Process time for hand parsing.
[2022-10-09 07:12:20,959][1665317540.959067][INFO]:[3n1IQ2blkXDqk-xdjwV_LWpiz] ***STARTING HAND SEPERATION***
[2022-10-09 07:12:20,961][1665317540.961527][INFO]:[3n1IQ2blkXDqk-xdjwV_LWpiz] has 3223 lines to parse.
[2022-10-09 07:12:21,040][1665317541.040069][INFO]:[3n1IQ2blkXDqk-xdjwV_LWpiz] ***FINISHED HAND SEPERATION***
[2022-10-09 07:12:21,040][1665317541.040069][INFO]:[3n1IQ2blkXDqk-xdjwV_LWpiz] 189 lines were parsed.
[2022-10-09 07:12:21,053][1665317541.053071][INFO]:[3n1IQ2blkXDqk-xdjwV_LWpiz] 243 lines were ignored.
[2022-10-09 07:12:21,053][1665317541.053071][INFO]:[3n1IQ2blkXDqk-xdjwV_LWpiz] 2790 lines were saved.
[2022-10-09 07:12:21,053][1665317541.053071][INFO]:[3n1IQ2blkXDqk-xdjwV_LWpiz] 182 hands were seperated.
[2022-10-09 07:12:21,053][1665317541.053071][INFO]:[3n1IQ2blkXDqk-xdjwV_LWpiz] 15.33 average number of lines per hand.
[2022-10-09 07:12:21,053][1665317541.053071][INFO]:[3n1IQ2blkXDqk-xdjwV_LWpiz][0.4104049000015948] Performance counter for handseperation.
[2022-10-09 07:12:21,053][1665317541.053071][INFO]:[3n1IQ2blkXDqk-xdjwV_LWpiz][0.078125] Process time for hand seperation.
[2022-10-09 07:12:21,054][1665317541.054069][INFO]:[3n1IQ2blkXDqk-xdjwV_LWpiz] ***STARTING HAND PROCESSING***
[2022-10-09 07:12:21,344][1665317541.344068][INFO]:[3n1IQ2blkXDqk-xdjwV_LWpiz] ***FINISHED HAND PARSING***
[2022-10-09 07:12:21,344][1665317541.344068][INFO]:[3n1IQ2blkXDqk-xdjwV_LWpiz] 0 lines were not parsed.
[2022-10-09 07:12:21,932][1665317541.932586][INFO]:[3n1IQ2blkXDqk-xdjwV_LWpiz][0.8784109999833163] Performance counter for hand parsing.
[2022-10-09 07:12:21,932][1665317541.932586][INFO]:[3n1IQ2blkXDqk-xdjwV_LWpiz][0.25] Process time for hand parsing.
[2022-10-09 07:12:22,820][1665317542.820000][INFO]:[49kwvk-9dEbeA8MXw7lNG9SiD] ***STARTING HAND SEPERATION***
[2022-10-09 07:12:22,820][1665317542.820000][INFO]:[49kwvk-9dEbeA8MXw7lNG9SiD] has 7545 lines to parse.
[2022-10-09 07:12:23,142][1665317543.142997][INFO]:[49kwvk-9dEbeA8MXw7lNG9SiD] ***FINISHED HAND SEPERATION***
[2022-10-09 07:12:23,142][1665317543.142997][INFO]:[49kwvk-9dEbeA8MXw7lNG9SiD] 332 lines were parsed.
[2022-10-09 07:12:23,142][1665317543.142997][INFO]:[49kwvk-9dEbeA8MXw7lNG9SiD] 454 lines were ignored.
[2022-10-09 07:12:23,142][1665317543.142997][INFO]:[49kwvk-9dEbeA8MXw7lNG9SiD] 6758 lines were saved.
[2022-10-09 07:12:23,142][1665317543.142997][INFO]:[49kwvk-9dEbeA8MXw7lNG9SiD] 330 hands were seperated.
[2022-10-09 07:12:23,142][1665317543.142997][INFO]:[49kwvk-9dEbeA8MXw7lNG9SiD] 20.48 average number of lines per hand.
[2022-10-09 07:12:23,143][1665317543.143998][INFO]:[49kwvk-9dEbeA8MXw7lNG9SiD][0.8134289000008721] Performance counter for handseperation.
[2022-10-09 07:12:23,143][1665317543.143998][INFO]:[49kwvk-9dEbeA8MXw7lNG9SiD][0.28125] Process time for hand seperation.
[2022-10-09 07:12:23,143][1665317543.143998][INFO]:[49kwvk-9dEbeA8MXw7lNG9SiD] ***STARTING HAND PROCESSING***
[2022-10-09 07:12:23,771][1665317543.771997][INFO]:[49kwvk-9dEbeA8MXw7lNG9SiD] ***FINISHED HAND PARSING***
[2022-10-09 07:12:23,772][1665317543.772517][INFO]:[49kwvk-9dEbeA8MXw7lNG9SiD] 0 lines were not parsed.
[2022-10-09 07:12:24,481][1665317544.481000][INFO]:[49kwvk-9dEbeA8MXw7lNG9SiD][1.336853799992241] Performance counter for hand parsing.
[2022-10-09 07:12:24,481][1665317544.481000][INFO]:[49kwvk-9dEbeA8MXw7lNG9SiD][0.53125] Process time for hand parsing.
[2022-10-09 07:12:25,109][1665317545.109997][INFO]:[5IWpLtq8fzMNDa0xHI-OC2NGW] ***STARTING HAND SEPERATION***
[2022-10-09 07:12:25,109][1665317545.109997][INFO]:[5IWpLtq8fzMNDa0xHI-OC2NGW] has 6617 lines to parse.
[2022-10-09 07:12:25,368][1665317545.368998][INFO]:[5IWpLtq8fzMNDa0xHI-OC2NGW] ***FINISHED HAND SEPERATION***
[2022-10-09 07:12:25,368][1665317545.368998][INFO]:[5IWpLtq8fzMNDa0xHI-OC2NGW] 331 lines were parsed.
[2022-10-09 07:12:25,368][1665317545.368998][INFO]:[5IWpLtq8fzMNDa0xHI-OC2NGW] 452 lines were ignored.
[2022-10-09 07:12:25,368][1665317545.368998][INFO]:[5IWpLtq8fzMNDa0xHI-OC2NGW] 5833 lines were saved.
[2022-10-09 07:12:25,368][1665317545.368998][INFO]:[5IWpLtq8fzMNDa0xHI-OC2NGW] 329 hands were seperated.
[2022-10-09 07:12:25,368][1665317545.368998][INFO]:[5IWpLtq8fzMNDa0xHI-OC2NGW] 17.73 average number of lines per hand.
[2022-10-09 07:12:25,369][1665317545.369999][INFO]:[5IWpLtq8fzMNDa0xHI-OC2NGW][0.6666220000188332] Performance counter for handseperation.
[2022-10-09 07:12:25,369][1665317545.369999][INFO]:[5IWpLtq8fzMNDa0xHI-OC2NGW][0.21875] Process time for hand seperation.
[2022-10-09 07:12:25,369][1665317545.369999][INFO]:[5IWpLtq8fzMNDa0xHI-OC2NGW] ***STARTING HAND PROCESSING***
[2022-10-09 07:12:26,115][1665317546.115996][INFO]:[5IWpLtq8fzMNDa0xHI-OC2NGW] ***FINISHED HAND PARSING***
[2022-10-09 07:12:26,115][1665317546.115996][INFO]:[5IWpLtq8fzMNDa0xHI-OC2NGW] 0 lines were not parsed.
[2022-10-09 07:12:26,917][1665317546.917999][INFO]:[5IWpLtq8fzMNDa0xHI-OC2NGW][1.5478792999929283] Performance counter for hand parsing.
[2022-10-09 07:12:26,917][1665317546.917999][INFO]:[5IWpLtq8fzMNDa0xHI-OC2NGW][0.53125] Process time for hand parsing.
[2022-10-09 07:12:27,532][1665317547.533000][INFO]:[5MI1t1tFB7u4Y8ECewBVfVK1r] ***STARTING HAND SEPERATION***
[2022-10-09 07:12:27,532][1665317547.533000][INFO]:[5MI1t1tFB7u4Y8ECewBVfVK1r] has 6211 lines to parse.
[2022-10-09 07:12:27,710][1665317547.710996][INFO]:[5MI1t1tFB7u4Y8ECewBVfVK1r] ***FINISHED HAND SEPERATION***
[2022-10-09 07:12:27,710][1665317547.710996][INFO]:[5MI1t1tFB7u4Y8ECewBVfVK1r] 409 lines were parsed.
[2022-10-09 07:12:27,710][1665317547.710996][INFO]:[5MI1t1tFB7u4Y8ECewBVfVK1r] 481 lines were ignored.
[2022-10-09 07:12:27,710][1665317547.710996][INFO]:[5MI1t1tFB7u4Y8ECewBVfVK1r] 5320 lines were saved.
[2022-10-09 07:12:27,710][1665317547.710996][INFO]:[5MI1t1tFB7u4Y8ECewBVfVK1r] 405 hands were seperated.
[2022-10-09 07:12:27,711][1665317547.711996][INFO]:[5MI1t1tFB7u4Y8ECewBVfVK1r] 13.14 average number of lines per hand.
[2022-10-09 07:12:27,711][1665317547.711996][INFO]:[5MI1t1tFB7u4Y8ECewBVfVK1r][0.5560866000014357] Performance counter for handseperation.
[2022-10-09 07:12:27,711][1665317547.711996][INFO]:[5MI1t1tFB7u4Y8ECewBVfVK1r][0.21875] Process time for hand seperation.
[2022-10-09 07:12:27,711][1665317547.711996][INFO]:[5MI1t1tFB7u4Y8ECewBVfVK1r] ***STARTING HAND PROCESSING***
[2022-10-09 07:12:28,104][1665317548.104998][INFO]:[5MI1t1tFB7u4Y8ECewBVfVK1r] ***FINISHED HAND PARSING***
[2022-10-09 07:12:28,105][1665317548.105997][INFO]:[5MI1t1tFB7u4Y8ECewBVfVK1r] 0 lines were not parsed.
